Initializing document watcher...
Document watcher initialized
minhhieu_1998_mhl/TestDockerFile/LICENSE: {}
No more open editors.
No more open editors.
No more open editors.
vscode.git.Git: {}
vscode.git.Git: {}
vscode.git.Git: {}
No more open editors.
No more open editors.
vscode.git.Git: {}
No more open editors.
No more open editors.
No more open editors.
minhhieu_1998_mhl/TestDockerFile/JenkinsFile: {}
No more open editors.
vscode.git.Git: {}
No more open editors.
No more open editors.
No more open editors.
minhhieu_1998_mhl/.git/COMMIT_EDITMSG: {}
No more open editors.
minhhieu_1998_mhl/TestDockerFile/README.md: {}
