2025-05-21 03:07:20.039 [info] Reading sessions from keychain...
2025-05-21 03:07:20.039 [info] Getting sessions for all scopes...
2025-05-21 03:07:20.039 [info] Got 0 sessions for ...
2025-05-21 03:07:20.104 [info] Getting sessions for read:user,repo,user:email,workflow...
2025-05-21 03:07:20.104 [info] Got 0 sessions for read:user,repo,user:email,workflow...
2025-05-21 03:16:26.685 [info] Getting sessions for read:user,repo,user:email,workflow...
2025-05-21 03:16:26.685 [info] Got 0 sessions for read:user,repo,user:email,workflow...
2025-05-21 03:16:29.735 [info] Logging in with 'any' account...
2025-05-21 03:16:29.735 [info] Logging in for the following scopes: read:user repo user:email workflow
2025-05-21 03:16:29.869 [info] Trying device code flow... (read:user repo user:email workflow)
2025-05-21 03:18:12.424 [info] Getting user info...
2025-05-21 03:18:12.856 [info] Got account info!
2025-05-21 03:18:12.857 [info] Storing 1 sessions...
2025-05-21 03:18:13.375 [info] Reading sessions from keychain...
2025-05-21 03:18:13.375 [info] Stored 1 sessions!
2025-05-21 03:18:13.375 [info] Login success!
2025-05-21 03:18:13.875 [info] Got stored sessions!
2025-05-21 03:18:13.876 [info] Got 1 verified sessions.
2025-05-21 03:23:03.352 [info] Getting sessions for read:user,repo,user:email,workflow...
2025-05-21 03:23:03.352 [info] Got 1 sessions for read:user,repo,user:email,workflow...
2025-05-21 03:24:59.784 [info] Getting sessions for read:user,repo,user:email,workflow...
2025-05-21 03:24:59.784 [info] Got 1 sessions for read:user,repo,user:email,workflow...
