2025-05-21 04:00:02.713 [info] [main] Log level: Info
2025-05-21 04:00:02.713 [info] [main] Validating found git in: "git"
2025-05-21 04:00:02.713 [info] [main] Using git "2.43.0" from "git"
2025-05-21 04:00:02.713 [info] [Model][doInitialScan] Initial repository scan started
2025-05-21 04:00:02.713 [info] > git rev-parse --show-toplevel [1309ms]
2025-05-21 04:00:02.713 [info] > git rev-parse --git-dir --git-common-dir [3ms]
2025-05-21 04:00:02.713 [info] [Model][openRepository] Opened repository: /home/minhhieu_1998_mhl
2025-05-21 04:00:02.723 [info] > git config --get commit.template [10ms]
2025-05-21 04:00:02.724 [info] > git for-each-ref --format=%(refname)%00%(upstream:short)%00%(objectname)%00%(upstream:track)%00%(upstream:remotename)%00%(upstream:remoteref) refs/heads/main refs/remotes/main [3ms]
2025-05-21 04:00:02.724 [info] > git rev-parse --show-toplevel [7ms]
2025-05-21 04:00:02.738 [info] > git rev-parse --show-toplevel [10ms]
2025-05-21 04:00:02.799 [info] > git status -z -uall [67ms]
2025-05-21 04:00:02.800 [info] > git for-each-ref --sort -committerdate --format %(refname) %(objectname) %(*objectname) [62ms]
2025-05-21 04:00:02.806 [info] > git rev-parse --show-toplevel [64ms]
2025-05-21 04:00:02.828 [info] > git for-each-ref --format=%(refname)%00%(upstream:short)%00%(objectname)%00%(upstream:track)%00%(upstream:remotename)%00%(upstream:remoteref) refs/heads/main refs/remotes/main [12ms]
2025-05-21 04:00:02.837 [info] > git config --get commit.template [11ms]
2025-05-21 04:00:02.838 [info] > git rev-parse --show-toplevel [15ms]
2025-05-21 04:00:05.017 [info] > git config --local branch.main.vscode-merge-base [2185ms]
2025-05-21 04:00:05.057 [info] > git check-ignore -v -z --stdin [15ms]
2025-05-21 04:00:05.058 [info] > git for-each-ref --format=%(refname)%00%(upstream:short)%00%(objectname)%00%(upstream:track)%00%(upstream:remotename)%00%(upstream:remoteref) refs/heads/origin/main refs/remotes/origin/main [32ms]
2025-05-21 04:00:05.090 [info] > git for-each-ref --format=%(refname)%00%(upstream:short)%00%(objectname)%00%(upstream:track)%00%(upstream:remotename)%00%(upstream:remoteref) refs/heads/main refs/remotes/main [35ms]
2025-05-21 04:00:05.091 [info] > git rev-parse --show-toplevel [42ms]
2025-05-21 04:00:05.098 [info] > git merge-base refs/heads/main refs/remotes/origin/main [32ms]
2025-05-21 04:00:05.372 [info] > git rev-parse --show-toplevel [252ms]
2025-05-21 04:00:05.373 [info] > git diff --name-status -z --diff-filter=ADMR 9f7779c395fced677a09ec090bdd5194c6ab4dc2...refs/remotes/origin/main [264ms]
2025-05-21 04:00:05.404 [info] > git status -z -uall [13ms]
2025-05-21 04:00:05.404 [info] > git for-each-ref --sort -committerdate --format %(refname) %(objectname) %(*objectname) [8ms]
2025-05-21 04:00:05.408 [info] > git rev-parse --show-toplevel [25ms]
2025-05-21 04:00:05.424 [info] > git rev-parse --show-toplevel [7ms]
2025-05-21 04:00:05.499 [info] > git rev-parse --show-toplevel [54ms]
2025-05-21 04:00:05.499 [info] [Model][doInitialScan] Initial repository scan completed - repositories (1), closed repositories (0), parent repositories (0), unsafe repositories (0)
2025-05-21 04:00:07.143 [info] > git config --get commit.template [106ms]
2025-05-21 04:00:07.184 [info] > git for-each-ref --format=%(refname)%00%(upstream:short)%00%(objectname)%00%(upstream:track)%00%(upstream:remotename)%00%(upstream:remoteref) refs/heads/main refs/remotes/main [16ms]
2025-05-21 04:00:07.284 [info] > git status -z -uall [50ms]
2025-05-21 04:00:07.287 [info] > git for-each-ref --sort -committerdate --format %(refname) %(objectname) %(*objectname) [33ms]
2025-05-21 04:00:07.557 [info] > git check-ignore -v -z --stdin [2ms]
2025-05-21 04:00:10.703 [info] > git show --textconv :README.md [71ms]
2025-05-21 04:00:10.704 [info] > git ls-files --stage -- /home/minhhieu_1998_mhl/README.md [57ms]
2025-05-21 04:00:10.729 [info] > git cat-file -s cd72933e8b1fc9ce39458e88674f3a0721f5d5e2 [3ms]
2025-05-21 04:00:12.311 [info] > git config --get commit.template [3ms]
2025-05-21 04:00:12.329 [info] > git for-each-ref --format=%(refname)%00%(upstream:short)%00%(objectname)%00%(upstream:track)%00%(upstream:remotename)%00%(upstream:remoteref) refs/heads/main refs/remotes/main [4ms]
2025-05-21 04:00:12.363 [info] > git status -z -uall [16ms]
2025-05-21 04:00:12.364 [info] > git for-each-ref --sort -committerdate --format %(refname) %(objectname) %(*objectname) [5ms]
