2025-05-21 03:25:44.535 [info] [main] Log level: Info
2025-05-21 03:25:44.535 [info] [main] Validating found git in: "git"
2025-05-21 03:25:44.535 [info] [main] Using git "2.43.0" from "git"
2025-05-21 03:25:44.535 [info] [Model][doInitialScan] Initial repository scan started
2025-05-21 03:25:44.535 [info] > git rev-parse --show-toplevel [1ms]
2025-05-21 03:25:44.535 [info] > git rev-parse --git-dir --git-common-dir [2ms]
2025-05-21 03:25:44.535 [info] [Model][openRepository] Opened repository: /home/minhhieu_1998_mhl
2025-05-21 03:25:44.535 [info] > git config --get commit.template [5ms]
2025-05-21 03:25:44.535 [info] > git rev-parse --show-toplevel [3ms]
2025-05-21 03:25:44.535 [info] > git for-each-ref --format=%(refname)%00%(upstream:short)%00%(objectname)%00%(upstream:track)%00%(upstream:remotename)%00%(upstream:remoteref) refs/heads/master refs/remotes/master [6ms]
2025-05-21 03:25:44.535 [warning] [Git][revParse] Unable to read file: ENOENT: no such file or directory, open '/home/minhhieu_1998_mhl/.git/refs/remotes/origin/master'
2025-05-21 03:25:44.536 [info] > git rev-parse --show-toplevel [5ms]
2025-05-21 03:25:44.539 [info] > git rev-parse refs/remotes/origin/master [5ms]
2025-05-21 03:25:44.548 [info] > git rev-parse --show-toplevel [9ms]
2025-05-21 03:25:44.552 [info] > git for-each-ref --sort -committerdate --format %(refname) %(objectname) %(*objectname) [5ms]
2025-05-21 03:25:44.554 [info] > git rev-parse --show-toplevel [3ms]
2025-05-21 03:25:44.558 [info] > git status -z -uall [16ms]
2025-05-21 03:25:44.582 [info] > git for-each-ref --format=%(refname)%00%(upstream:short)%00%(objectname)%00%(upstream:track)%00%(upstream:remotename)%00%(upstream:remoteref) refs/heads/master refs/remotes/master [12ms]
2025-05-21 03:25:44.585 [info] > git rev-parse --show-toplevel [28ms]
2025-05-21 03:25:44.589 [info] > git config --get commit.template [13ms]
2025-05-21 03:25:44.590 [info] > git config --local branch.master.vscode-merge-base [5ms]
2025-05-21 03:25:44.590 [warning] [Git][config] git config failed: Failed to execute git
2025-05-21 03:25:44.597 [info] > git rev-parse --show-toplevel [8ms]
2025-05-21 03:25:44.598 [info] > git reflog master --grep-reflog=branch: Created from *. [5ms]
2025-05-21 03:25:44.633 [info] > git symbolic-ref --short refs/remotes/origin/HEAD [33ms]
2025-05-21 03:25:44.636 [info] > git for-each-ref --format=%(refname)%00%(upstream:short)%00%(objectname)%00%(upstream:track)%00%(upstream:remotename)%00%(upstream:remoteref) refs/heads/master refs/remotes/master [40ms]
2025-05-21 03:25:44.639 [warning] [Git][revParse] Unable to read file: ENOENT: no such file or directory, open '/home/minhhieu_1998_mhl/.git/refs/remotes/origin/master'
2025-05-21 03:25:44.640 [info] > git rev-parse --show-toplevel [12ms]
2025-05-21 03:25:44.641 [info] > git for-each-ref --format=%(refname)%00%(upstream:short)%00%(objectname)%00%(upstream:track)%00%(upstream:remotename)%00%(upstream:remoteref) refs/heads/origin/master refs/remotes/origin/master [5ms]
2025-05-21 03:25:44.648 [info] > git rev-parse refs/remotes/origin/master [9ms]
2025-05-21 03:25:44.697 [info] > git status -z -uall [46ms]
2025-05-21 03:25:44.698 [info] > git rev-parse --git-dir --git-common-dir [50ms]
2025-05-21 03:25:44.702 [info] [Model][openRepository] Opened repository: /home/minhhieu_1998_mhl/TestDockerFile
2025-05-21 03:25:44.703 [info] [Model][doInitialScan] Initial repository scan completed - repositories (2), closed repositories (0), parent repositories (0), unsafe repositories (0)
2025-05-21 03:25:44.703 [info] > git config --local branch.master.vscode-merge-base origin/master [59ms]
2025-05-21 03:25:44.704 [info] > git for-each-ref --sort -committerdate --format %(refname) %(objectname) %(*objectname) [50ms] (cancelled)
2025-05-21 03:25:44.720 [info] > git config --get commit.template [6ms]
2025-05-21 03:25:44.720 [info] > git config --get commit.template [8ms]
2025-05-21 03:25:44.720 [info] > git for-each-ref --format=%(refname)%00%(upstream:short)%00%(objectname)%00%(upstream:track)%00%(upstream:remotename)%00%(upstream:remoteref) refs/heads/master refs/remotes/master [13ms]
2025-05-21 03:25:44.731 [info] > git for-each-ref --format=%(refname)%00%(upstream:short)%00%(objectname)%00%(upstream:track)%00%(upstream:remotename)%00%(upstream:remoteref) refs/heads/main refs/remotes/main [5ms]
2025-05-21 03:25:44.732 [info] > git config --local branch.master.vscode-merge-base [9ms]
2025-05-21 03:25:44.737 [warning] [Git][revParse] Unable to read file: ENOENT: no such file or directory, open '/home/minhhieu_1998_mhl/TestDockerFile/.git/refs/remotes/origin/main'
2025-05-21 03:25:44.738 [info] > git for-each-ref --format=%(refname)%00%(upstream:short)%00%(objectname)%00%(upstream:track)%00%(upstream:remotename)%00%(upstream:remoteref) refs/heads/master refs/remotes/master [9ms]
2025-05-21 03:25:44.741 [warning] [Git][revParse] Unable to read file: ENOENT: no such file or directory, open '/home/minhhieu_1998_mhl/.git/refs/remotes/origin/master'
2025-05-21 03:25:44.742 [info] > git for-each-ref --format=%(refname)%00%(upstream:short)%00%(objectname)%00%(upstream:track)%00%(upstream:remotename)%00%(upstream:remoteref) refs/heads/origin/master refs/remotes/origin/master [7ms]
2025-05-21 03:25:44.747 [info] > git rev-parse refs/remotes/origin/master [6ms]
2025-05-21 03:25:44.753 [info] > git rev-parse refs/remotes/origin/main [16ms]
2025-05-21 03:25:44.762 [info] > git status -z -uall [5ms]
2025-05-21 03:25:44.763 [info] > git for-each-ref --sort -committerdate --format %(refname) %(objectname) %(*objectname) [9ms]
2025-05-21 03:25:44.763 [info] > git merge-base refs/heads/master refs/remotes/origin/master [18ms]
2025-05-21 03:25:44.768 [info] > git status -z -uall [18ms]
2025-05-21 03:25:44.781 [info] > git for-each-ref --sort -committerdate --format %(refname) %(objectname) %(*objectname) [21ms]
2025-05-21 03:25:44.793 [info] > git for-each-ref --format=%(refname)%00%(upstream:short)%00%(objectname)%00%(upstream:track)%00%(upstream:remotename)%00%(upstream:remoteref) refs/heads/main refs/remotes/main [6ms]
2025-05-21 03:25:44.796 [info] > git merge-base refs/heads/master refs/remotes/origin/master [15ms]
2025-05-21 03:25:44.799 [info] > git merge-base refs/heads/master refs/remotes/origin/master [23ms]
2025-05-21 03:25:44.803 [info] > git diff --name-status -z --diff-filter=ADMR 60f1339efe64ae7fbf4af2aa2c9f40258832f12d...refs/remotes/origin/master [37ms]
2025-05-21 03:25:44.811 [info] > git diff --name-status -z --diff-filter=ADMR 60f1339efe64ae7fbf4af2aa2c9f40258832f12d...refs/remotes/origin/master [8ms]
2025-05-21 03:25:44.811 [info] > git diff --name-status -z --diff-filter=ADMR 60f1339efe64ae7fbf4af2aa2c9f40258832f12d...refs/remotes/origin/master [12ms]
2025-05-21 03:25:44.812 [info] > git config --local branch.main.vscode-merge-base [16ms]
2025-05-21 03:25:44.812 [warning] [Git][config] git config failed: Failed to execute git
2025-05-21 03:25:44.815 [info] > git config --get commit.template [22ms]
2025-05-21 03:25:44.841 [info] > git reflog main --grep-reflog=branch: Created from *. [27ms]
2025-05-21 03:25:44.844 [info] > git for-each-ref --format=%(refname)%00%(upstream:short)%00%(objectname)%00%(upstream:track)%00%(upstream:remotename)%00%(upstream:remoteref) refs/heads/main refs/remotes/main [9ms]
2025-05-21 03:25:44.848 [warning] [Git][revParse] Unable to read file: ENOENT: no such file or directory, open '/home/minhhieu_1998_mhl/TestDockerFile/.git/refs/remotes/origin/main'
2025-05-21 03:25:44.849 [info] > git symbolic-ref --short refs/remotes/origin/HEAD [5ms]
2025-05-21 03:25:44.854 [info] > git rev-parse refs/remotes/origin/main [6ms]
2025-05-21 03:25:44.865 [info] > git status -z -uall [8ms]
2025-05-21 03:25:44.866 [info] > git for-each-ref --format=%(refname)%00%(upstream:short)%00%(objectname)%00%(upstream:track)%00%(upstream:remotename)%00%(upstream:remoteref) refs/heads/origin/main refs/remotes/origin/main [13ms]
2025-05-21 03:25:44.879 [info] > git config --local branch.main.vscode-merge-base origin/main [10ms]
2025-05-21 03:25:44.880 [info] > git for-each-ref --sort -committerdate --format %(refname) %(objectname) %(*objectname) [19ms] (cancelled)
2025-05-21 03:25:44.887 [info] > git for-each-ref --format=%(refname)%00%(upstream:short)%00%(objectname)%00%(upstream:track)%00%(upstream:remotename)%00%(upstream:remoteref) refs/heads/main refs/remotes/main [4ms]
2025-05-21 03:25:44.891 [info] > git config --get commit.template [4ms]
2025-05-21 03:25:44.894 [info] > git config --local branch.main.vscode-merge-base [3ms]
2025-05-21 03:25:44.897 [info] > git for-each-ref --format=%(refname)%00%(upstream:short)%00%(objectname)%00%(upstream:track)%00%(upstream:remotename)%00%(upstream:remoteref) refs/heads/main refs/remotes/main [4ms]
2025-05-21 03:25:44.900 [warning] [Git][revParse] Unable to read file: ENOENT: no such file or directory, open '/home/minhhieu_1998_mhl/TestDockerFile/.git/refs/remotes/origin/main'
2025-05-21 03:25:44.900 [info] > git for-each-ref --format=%(refname)%00%(upstream:short)%00%(objectname)%00%(upstream:track)%00%(upstream:remotename)%00%(upstream:remoteref) refs/heads/origin/main refs/remotes/origin/main [4ms]
2025-05-21 03:25:44.904 [info] > git rev-parse refs/remotes/origin/main [4ms]
2025-05-21 03:25:44.911 [info] > git status -z -uall [5ms]
2025-05-21 03:25:44.911 [info] > git merge-base refs/heads/main refs/remotes/origin/main [8ms]
2025-05-21 03:25:44.916 [info] > git for-each-ref --sort -committerdate --format %(refname) %(objectname) %(*objectname) [7ms]
2025-05-21 03:25:44.927 [info] > git merge-base refs/heads/main refs/remotes/origin/main [5ms]
2025-05-21 03:25:44.930 [info] > git diff --name-status -z --diff-filter=ADMR dd77c0a0dc02a8410056c21aa74714f45603840b...refs/remotes/origin/main [16ms]
2025-05-21 03:25:44.932 [info] > git merge-base refs/heads/main refs/remotes/origin/main [6ms]
2025-05-21 03:25:44.936 [info] > git diff --name-status -z --diff-filter=ADMR dd77c0a0dc02a8410056c21aa74714f45603840b...refs/remotes/origin/main [6ms]
2025-05-21 03:25:44.937 [info] > git diff --name-status -z --diff-filter=ADMR dd77c0a0dc02a8410056c21aa74714f45603840b...refs/remotes/origin/main [2ms]
2025-05-21 03:25:45.247 [info] > git check-ignore -v -z --stdin [13ms]
2025-05-21 03:25:45.248 [info] > git check-ignore -v -z --stdin [10ms]
2025-05-21 03:25:51.966 [info] > git config --get commit.template [4ms]
2025-05-21 03:25:51.967 [info] > git config --get commit.template [3ms]
2025-05-21 03:25:51.974 [info] > git for-each-ref --format=%(refname)%00%(upstream:short)%00%(objectname)%00%(upstream:track)%00%(upstream:remotename)%00%(upstream:remoteref) refs/heads/main refs/remotes/main [4ms]
2025-05-21 03:25:51.978 [warning] [Git][revParse] Unable to read file: ENOENT: no such file or directory, open '/home/minhhieu_1998_mhl/TestDockerFile/.git/refs/remotes/origin/main'
2025-05-21 03:25:51.979 [info] > git for-each-ref --format=%(refname)%00%(upstream:short)%00%(objectname)%00%(upstream:track)%00%(upstream:remotename)%00%(upstream:remoteref) refs/heads/master refs/remotes/master [6ms]
2025-05-21 03:25:51.983 [warning] [Git][revParse] Unable to read file: ENOENT: no such file or directory, open '/home/minhhieu_1998_mhl/.git/refs/remotes/origin/master'
2025-05-21 03:25:51.983 [info] > git rev-parse refs/remotes/origin/main [5ms]
2025-05-21 03:25:51.994 [info] > git status -z -uall [7ms]
2025-05-21 03:25:51.994 [info] > git rev-parse refs/remotes/origin/master [11ms]
2025-05-21 03:25:52.002 [info] > git for-each-ref --sort -committerdate --format %(refname) %(objectname) %(*objectname) [10ms]
2025-05-21 03:25:52.007 [info] > git for-each-ref --sort -committerdate --format %(refname) %(objectname) %(*objectname) [6ms]
2025-05-21 03:25:52.012 [info] > git status -z -uall [15ms]
2025-05-21 03:25:52.277 [info] > git show --textconv :README-cloudshell.txt [209ms]
2025-05-21 03:25:52.277 [info] > git ls-files --stage -- /home/minhhieu_1998_mhl/README-cloudshell.txt [206ms]
2025-05-21 03:25:57.042 [info] > git config --get commit.template [3ms]
2025-05-21 03:25:57.060 [info] > git for-each-ref --format=%(refname)%00%(upstream:short)%00%(objectname)%00%(upstream:track)%00%(upstream:remotename)%00%(upstream:remoteref) refs/heads/master refs/remotes/master [4ms]
2025-05-21 03:25:57.069 [warning] [Git][revParse] Unable to read file: ENOENT: no such file or directory, open '/home/minhhieu_1998_mhl/.git/refs/remotes/origin/master'
2025-05-21 03:25:57.072 [info] > git rev-parse refs/remotes/origin/master [4ms]
2025-05-21 03:25:57.096 [info] > git for-each-ref --sort -committerdate --format %(refname) %(objectname) %(*objectname) [4ms]
2025-05-21 03:25:57.098 [info] > git status -z -uall [18ms]
2025-05-21 03:25:57.598 [info] > git show --textconv :README-cloudshell.txt [17ms]
2025-05-21 03:25:57.600 [info] > git ls-files --stage -- /home/minhhieu_1998_mhl/README-cloudshell.txt [5ms]
2025-05-21 03:34:21.916 [info] > git check-ignore -v -z --stdin [2ms]
