2025-05-21 03:25:43.711 [info] Extension host with pid 4294 started
2025-05-21 03:25:43.711 [error] Error: EEXIST: file already exists, open '/home/minhhieu_1998_mhl/.codeoss/data/User/workspaceStorage/54b38d/vscode.lock'
2025-05-21 03:25:43.717 [info] Lock '/home/minhhieu_1998_mhl/.codeoss/data/User/workspaceStorage/54b38d/vscode.lock': Could not acquire lock, checking if the file is stale.
2025-05-21 03:25:43.722 [info] Lock '/home/minhhieu_1998_mhl/.codeoss/data/User/workspaceStorage/54b38d/vscode.lock': The lock does not look stale, elapsed: 547 ms, giving up.
2025-05-21 03:25:43.722 [error] Error: EEXIST: file already exists, open '/home/minhhieu_1998_mhl/.codeoss/data/User/workspaceStorage/54b38d-1/vscode.lock'
2025-05-21 03:25:43.723 [info] Lock '/home/minhhieu_1998_mhl/.codeoss/data/User/workspaceStorage/54b38d-1/vscode.lock': Could not acquire lock, checking if the file is stale.
2025-05-21 03:25:43.724 [info] Lock '/home/minhhieu_1998_mhl/.codeoss/data/User/workspaceStorage/54b38d-1/vscode.lock': The lock does not look stale, elapsed: 30 ms, giving up.
2025-05-21 03:25:43.735 [info] Lock '/home/minhhieu_1998_mhl/.codeoss/data/User/workspaceStorage/54b38d-2/vscode.lock': Lock acquired.
2025-05-21 03:25:43.929 [info] ExtensionService#_doActivateExtension vscode.emmet, startup: false, activationEvent: 'onLanguage'
2025-05-21 03:25:44.041 [info] ExtensionService#_doActivateExtension vscode.git-base, startup: true, activationEvent: '*', root cause: vscode.git
2025-05-21 03:25:44.191 [info] ExtensionService#_doActivateExtension vscode.git, startup: true, activationEvent: '*'
2025-05-21 03:25:44.191 [info] ExtensionService#_doActivateExtension vscode.github, startup: true, activationEvent: '*'
2025-05-21 03:25:44.657 [info] ExtensionService#_doActivateExtension vscode.github-authentication, startup: false, activationEvent: 'onAuthenticationRequest:github'
2025-05-21 03:25:50.565 [info] ExtensionService#_doActivateExtension google.cloud-shell, startup: false, activationEvent: 'onTerminalProfile:cloudshell.default'
2025-05-21 03:25:50.714 [info] Eager extensions activated
2025-05-21 03:25:50.715 [info] ExtensionService#_doActivateExtension EditorConfig.EditorConfig, startup: false, activationEvent: 'onStartupFinished'
2025-05-21 03:25:50.715 [info] ExtensionService#_doActivateExtension google.geminicodeassist, startup: false, activationEvent: 'onStartupFinished', root cause: googlecloudtools.cloudcode
2025-05-21 03:25:50.715 [info] ExtensionService#_doActivateExtension vscode.debug-auto-launch, startup: false, activationEvent: 'onStartupFinished'
2025-05-21 03:25:50.716 [info] ExtensionService#_doActivateExtension vscode.merge-conflict, startup: false, activationEvent: 'onStartupFinished'
2025-05-21 03:25:52.063 [info] ExtensionService#_doActivateExtension vscode.configuration-editing, startup: false, activationEvent: 'onLanguage:jsonc'
2025-05-21 03:25:52.064 [info] ExtensionService#_doActivateExtension vscode.json-language-features, startup: false, activationEvent: 'onLanguage:jsonc'
2025-05-21 03:25:52.064 [info] ExtensionService#_doActivateExtension vscode.typescript-language-features, startup: false, activationEvent: 'onLanguage:jsonc'
2025-05-21 03:25:52.335 [info] ExtensionService#_doActivateExtension googlecloudtools.cloudcode, startup: false, activationEvent: 'onStartupFinished'
