2025-05-21 03:26:37.922 [info] [main] Log level: Info
2025-05-21 03:26:37.922 [info] [main] Validating found git in: "git"
2025-05-21 03:26:37.922 [info] [main] Using git "2.43.0" from "git"
2025-05-21 03:26:37.922 [info] [Model][doInitialScan] Initial repository scan started
2025-05-21 03:26:37.922 [info] > git rev-parse --show-toplevel [5ms]
2025-05-21 03:26:37.922 [info] > git rev-parse --git-dir --git-common-dir [7ms]
2025-05-21 03:26:37.922 [info] [Model][openRepository] Opened repository: /home/minhhieu_1998_mhl
2025-05-21 03:26:37.922 [info] > git config --get commit.template [5ms]
2025-05-21 03:26:37.922 [info] > git rev-parse --show-toplevel [7ms]
2025-05-21 03:26:37.922 [info] > git for-each-ref --format=%(refname)%00%(upstream:short)%00%(objectname)%00%(upstream:track)%00%(upstream:remotename)%00%(upstream:remoteref) refs/heads/master refs/remotes/master [4ms]
2025-05-21 03:26:37.922 [warning] [Git][revParse] Unable to read file: ENOENT: no such file or directory, open '/home/minhhieu_1998_mhl/.git/refs/remotes/origin/master'
2025-05-21 03:26:37.922 [info] > git rev-parse --show-toplevel [5ms]
2025-05-21 03:26:37.926 [info] > git rev-parse refs/remotes/origin/master [5ms]
2025-05-21 03:26:37.935 [info] > git rev-parse --show-toplevel [10ms]
2025-05-21 03:26:37.939 [info] > git for-each-ref --sort -committerdate --format %(refname) %(objectname) %(*objectname) [5ms]
2025-05-21 03:26:37.941 [info] > git rev-parse --show-toplevel [2ms]
2025-05-21 03:26:37.946 [info] > git status -z -uall [16ms]
2025-05-21 03:26:37.966 [info] > git for-each-ref --format=%(refname)%00%(upstream:short)%00%(objectname)%00%(upstream:track)%00%(upstream:remotename)%00%(upstream:remoteref) refs/heads/master refs/remotes/master [10ms]
2025-05-21 03:26:37.970 [info] > git rev-parse --show-toplevel [26ms]
2025-05-21 03:26:37.978 [info] > git config --get commit.template [13ms]
2025-05-21 03:26:37.979 [info] > git config --local branch.master.vscode-merge-base [9ms]
2025-05-21 03:26:37.988 [info] > git rev-parse --show-toplevel [10ms]
2025-05-21 03:26:38.018 [info] > git for-each-ref --format=%(refname)%00%(upstream:short)%00%(objectname)%00%(upstream:track)%00%(upstream:remotename)%00%(upstream:remoteref) refs/heads/master refs/remotes/master [32ms]
2025-05-21 03:26:38.019 [info] > git for-each-ref --format=%(refname)%00%(upstream:short)%00%(objectname)%00%(upstream:track)%00%(upstream:remotename)%00%(upstream:remoteref) refs/heads/origin/master refs/remotes/origin/master [36ms]
2025-05-21 03:26:38.027 [warning] [Git][revParse] Unable to read file: ENOENT: no such file or directory, open '/home/minhhieu_1998_mhl/.git/refs/remotes/origin/master'
2025-05-21 03:26:38.028 [info] > git rev-parse --show-toplevel [11ms]
2025-05-21 03:26:38.028 [info] > git merge-base refs/heads/master refs/remotes/origin/master [5ms]
2025-05-21 03:26:38.084 [info] > git rev-parse refs/remotes/origin/master [57ms]
2025-05-21 03:26:38.093 [info] > git rev-parse --git-dir --git-common-dir [58ms]
2025-05-21 03:26:38.098 [info] [Model][openRepository] Opened repository: /home/minhhieu_1998_mhl/TestDockerFile
2025-05-21 03:26:38.100 [info] [Model][doInitialScan] Initial repository scan completed - repositories (2), closed repositories (0), parent repositories (0), unsafe repositories (0)
2025-05-21 03:26:38.100 [info] > git diff --name-status -z --diff-filter=ADMR 60f1339efe64ae7fbf4af2aa2c9f40258832f12d...refs/remotes/origin/master [68ms]
2025-05-21 03:26:38.104 [info] > git status -z -uall [16ms]
2025-05-21 03:26:38.105 [info] > git for-each-ref --sort -committerdate --format %(refname) %(objectname) %(*objectname) [14ms]
2025-05-21 03:26:38.106 [info] > git config --get commit.template [2ms]
2025-05-21 03:26:38.116 [info] > git for-each-ref --format=%(refname)%00%(upstream:short)%00%(objectname)%00%(upstream:track)%00%(upstream:remotename)%00%(upstream:remoteref) refs/heads/main refs/remotes/main [2ms]
2025-05-21 03:26:38.119 [warning] [Git][revParse] Unable to read file: ENOENT: no such file or directory, open '/home/minhhieu_1998_mhl/TestDockerFile/.git/refs/remotes/origin/main'
2025-05-21 03:26:38.120 [info] > git rev-parse refs/remotes/origin/main [1ms]
2025-05-21 03:26:38.128 [info] > git status -z -uall [5ms]
2025-05-21 03:26:38.129 [info] > git for-each-ref --sort -committerdate --format %(refname) %(objectname) %(*objectname) [3ms]
2025-05-21 03:26:38.138 [info] > git for-each-ref --format=%(refname)%00%(upstream:short)%00%(objectname)%00%(upstream:track)%00%(upstream:remotename)%00%(upstream:remoteref) refs/heads/main refs/remotes/main [3ms]
2025-05-21 03:26:38.145 [info] > git config --local branch.main.vscode-merge-base [4ms]
2025-05-21 03:26:38.155 [info] > git config --get commit.template [11ms]
2025-05-21 03:26:38.157 [info] > git for-each-ref --format=%(refname)%00%(upstream:short)%00%(objectname)%00%(upstream:track)%00%(upstream:remotename)%00%(upstream:remoteref) refs/heads/main refs/remotes/main [7ms]
2025-05-21 03:26:38.157 [info] > git for-each-ref --format=%(refname)%00%(upstream:short)%00%(objectname)%00%(upstream:track)%00%(upstream:remotename)%00%(upstream:remoteref) refs/heads/origin/main refs/remotes/origin/main [9ms]
2025-05-21 03:26:38.165 [warning] [Git][revParse] Unable to read file: ENOENT: no such file or directory, open '/home/minhhieu_1998_mhl/TestDockerFile/.git/refs/remotes/origin/main'
2025-05-21 03:26:38.167 [info] > git merge-base refs/heads/main refs/remotes/origin/main [7ms]
2025-05-21 03:26:38.172 [info] > git rev-parse refs/remotes/origin/main [7ms]
2025-05-21 03:26:38.181 [info] > git status -z -uall [5ms]
2025-05-21 03:26:38.181 [info] > git diff --name-status -z --diff-filter=ADMR dd77c0a0dc02a8410056c21aa74714f45603840b...refs/remotes/origin/main [10ms]
2025-05-21 03:26:38.183 [info] > git for-each-ref --sort -committerdate --format %(refname) %(objectname) %(*objectname) [3ms]
2025-05-21 03:26:41.190 [info] > git check-ignore -v -z --stdin [11ms]
2025-05-21 03:26:41.190 [info] > git check-ignore -v -z --stdin [7ms]
2025-05-21 03:26:41.192 [info] > git config --get commit.template [3ms]
2025-05-21 03:26:41.199 [info] > git for-each-ref --format=%(refname)%00%(upstream:short)%00%(objectname)%00%(upstream:track)%00%(upstream:remotename)%00%(upstream:remoteref) refs/heads/master refs/remotes/master [2ms]
2025-05-21 03:26:41.203 [warning] [Git][revParse] Unable to read file: ENOENT: no such file or directory, open '/home/minhhieu_1998_mhl/.git/refs/remotes/origin/master'
2025-05-21 03:26:41.205 [info] > git rev-parse refs/remotes/origin/master [2ms]
2025-05-21 03:26:41.218 [info] > git for-each-ref --sort -committerdate --format %(refname) %(objectname) %(*objectname) [3ms]
2025-05-21 03:26:41.225 [info] > git status -z -uall [16ms]
2025-05-21 03:26:46.833 [info] > git config --get commit.template [27ms]
2025-05-21 03:26:46.868 [info] > git for-each-ref --format=%(refname)%00%(upstream:short)%00%(objectname)%00%(upstream:track)%00%(upstream:remotename)%00%(upstream:remoteref) refs/heads/master refs/remotes/master [13ms]
2025-05-21 03:26:46.883 [warning] [Git][revParse] Unable to read file: ENOENT: no such file or directory, open '/home/minhhieu_1998_mhl/.git/refs/remotes/origin/master'
2025-05-21 03:26:46.889 [info] > git rev-parse refs/remotes/origin/master [5ms]
2025-05-21 03:26:46.925 [info] > git status -z -uall [22ms]
2025-05-21 03:26:46.929 [info] > git for-each-ref --sort -committerdate --format %(refname) %(objectname) %(*objectname) [8ms]
2025-05-21 03:26:51.952 [info] > git config --get commit.template [2ms]
2025-05-21 03:26:51.967 [info] > git for-each-ref --format=%(refname)%00%(upstream:short)%00%(objectname)%00%(upstream:track)%00%(upstream:remotename)%00%(upstream:remoteref) refs/heads/master refs/remotes/master [3ms]
2025-05-21 03:26:51.978 [warning] [Git][revParse] Unable to read file: ENOENT: no such file or directory, open '/home/minhhieu_1998_mhl/.git/refs/remotes/origin/master'
2025-05-21 03:26:51.981 [info] > git rev-parse refs/remotes/origin/master [3ms]
2025-05-21 03:26:52.006 [info] > git status -z -uall [14ms]
2025-05-21 03:26:52.007 [info] > git for-each-ref --sort -committerdate --format %(refname) %(objectname) %(*objectname) [5ms]
2025-05-21 03:26:57.035 [info] > git config --get commit.template [12ms]
2025-05-21 03:26:57.036 [info] > git for-each-ref --format=%(refname)%00%(upstream:short)%00%(objectname)%00%(upstream:track)%00%(upstream:remotename)%00%(upstream:remoteref) refs/heads/master refs/remotes/master [4ms]
2025-05-21 03:26:57.048 [warning] [Git][revParse] Unable to read file: ENOENT: no such file or directory, open '/home/minhhieu_1998_mhl/.git/refs/remotes/origin/master'
2025-05-21 03:26:57.050 [info] > git rev-parse refs/remotes/origin/master [2ms]
2025-05-21 03:26:57.077 [info] > git for-each-ref --sort -committerdate --format %(refname) %(objectname) %(*objectname) [3ms]
2025-05-21 03:26:57.079 [info] > git status -z -uall [18ms]
2025-05-21 03:27:46.127 [info] > git config --get commit.template [8ms]
2025-05-21 03:27:46.147 [info] > git for-each-ref --format=%(refname)%00%(upstream:short)%00%(objectname)%00%(upstream:track)%00%(upstream:remotename)%00%(upstream:remoteref) refs/heads/master refs/remotes/master [8ms]
2025-05-21 03:27:46.154 [warning] [Git][revParse] Unable to read file: ENOENT: no such file or directory, open '/home/minhhieu_1998_mhl/.git/refs/remotes/origin/master'
2025-05-21 03:27:46.157 [info] > git rev-parse refs/remotes/origin/master [3ms]
2025-05-21 03:27:46.175 [info] > git for-each-ref --sort -committerdate --format %(refname) %(objectname) %(*objectname) [3ms]
2025-05-21 03:27:46.179 [info] > git status -z -uall [15ms]
2025-05-21 03:28:51.705 [info] > git for-each-ref --format=%(refname)%00%(upstream:short)%00%(objectname)%00%(upstream:track)%00%(upstream:remotename)%00%(upstream:remoteref) refs/heads/master refs/remotes/master [24ms]
2025-05-21 03:28:51.706 [info] > git config --get commit.template [33ms]
2025-05-21 03:28:51.713 [warning] [Git][revParse] Unable to read file: ENOENT: no such file or directory, open '/home/minhhieu_1998_mhl/.git/refs/remotes/origin/master'
2025-05-21 03:28:51.714 [info] > git rev-parse refs/remotes/origin/master [2ms]
2025-05-21 03:28:51.730 [info] > git for-each-ref --sort -committerdate --format %(refname) %(objectname) %(*objectname) [3ms]
2025-05-21 03:28:51.735 [info] > git status -z -uall [15ms]
2025-05-21 03:30:11.216 [info] > git check-ignore -v -z --stdin [2ms]
2025-05-21 03:30:21.446 [info] > git check-ignore -v -z --stdin [2ms]
2025-05-21 03:30:26.352 [info] > git config --get commit.template [7ms]
2025-05-21 03:30:26.353 [info] > git for-each-ref --format=%(refname)%00%(upstream:short)%00%(objectname)%00%(upstream:track)%00%(upstream:remotename)%00%(upstream:remoteref) refs/heads/main refs/remotes/main [3ms]
2025-05-21 03:30:26.359 [warning] [Git][revParse] Unable to read file: ENOENT: no such file or directory, open '/home/minhhieu_1998_mhl/TestDockerFile/.git/refs/remotes/origin/main'
2025-05-21 03:30:26.361 [info] > git rev-parse refs/remotes/origin/main [2ms]
2025-05-21 03:30:26.375 [info] > git status -z -uall [9ms]
2025-05-21 03:30:26.376 [info] > git for-each-ref --sort -committerdate --format %(refname) %(objectname) %(*objectname) [2ms]
2025-05-21 03:30:28.756 [info] > git config --get commit.template [7ms]
2025-05-21 03:30:28.757 [info] > git for-each-ref --format=%(refname)%00%(upstream:short)%00%(objectname)%00%(upstream:track)%00%(upstream:remotename)%00%(upstream:remoteref) refs/heads/master refs/remotes/master [3ms]
2025-05-21 03:30:28.763 [warning] [Git][revParse] Unable to read file: ENOENT: no such file or directory, open '/home/minhhieu_1998_mhl/.git/refs/remotes/origin/master'
2025-05-21 03:30:28.764 [info] > git rev-parse refs/remotes/origin/master [1ms]
2025-05-21 03:30:28.779 [info] > git for-each-ref --sort -committerdate --format %(refname) %(objectname) %(*objectname) [2ms]
2025-05-21 03:30:28.784 [info] > git status -z -uall [14ms]
2025-05-21 03:30:38.427 [info] > git check-ignore -v -z --stdin [2ms]
2025-05-21 03:31:29.387 [info] > git config --get commit.template [9ms]
2025-05-21 03:31:29.388 [info] > git for-each-ref --format=%(refname)%00%(upstream:short)%00%(objectname)%00%(upstream:track)%00%(upstream:remotename)%00%(upstream:remoteref) refs/heads/master refs/remotes/master [4ms]
2025-05-21 03:31:29.394 [warning] [Git][revParse] Unable to read file: ENOENT: no such file or directory, open '/home/minhhieu_1998_mhl/.git/refs/remotes/origin/master'
2025-05-21 03:31:29.396 [info] > git rev-parse refs/remotes/origin/master [1ms]
2025-05-21 03:31:29.409 [info] > git status -z -uall [8ms]
2025-05-21 03:31:29.411 [info] > git for-each-ref --sort -committerdate --format %(refname) %(objectname) %(*objectname) [3ms]
2025-05-21 03:31:29.426 [info] > git merge-base refs/heads/master refs/remotes/origin/master [3ms]
2025-05-21 03:31:29.434 [info] > git diff --name-status -z --diff-filter=ADMR 60f1339efe64ae7fbf4af2aa2c9f40258832f12d...refs/remotes/origin/master [2ms]
2025-05-21 03:31:45.229 [info] > git config --get commit.template [7ms]
2025-05-21 03:31:45.231 [info] > git for-each-ref --format=%(refname)%00%(upstream:short)%00%(objectname)%00%(upstream:track)%00%(upstream:remotename)%00%(upstream:remoteref) refs/heads/master refs/remotes/master [3ms]
2025-05-21 03:31:45.237 [warning] [Git][revParse] Unable to read file: ENOENT: no such file or directory, open '/home/minhhieu_1998_mhl/.git/refs/remotes/origin/master'
2025-05-21 03:31:45.238 [info] > git rev-parse refs/remotes/origin/master [1ms]
2025-05-21 03:31:45.256 [info] > git status -z -uall [11ms]
2025-05-21 03:31:45.257 [info] > git for-each-ref --sort -committerdate --format %(refname) %(objectname) %(*objectname) [3ms]
2025-05-21 03:32:27.241 [info] > git config --get commit.template [7ms]
2025-05-21 03:32:27.242 [info] > git for-each-ref --format=%(refname)%00%(upstream:short)%00%(objectname)%00%(upstream:track)%00%(upstream:remotename)%00%(upstream:remoteref) refs/heads/master refs/remotes/master [3ms]
2025-05-21 03:32:27.251 [warning] [Git][revParse] Unable to read file: ENOENT: no such file or directory, open '/home/minhhieu_1998_mhl/.git/refs/remotes/origin/master'
2025-05-21 03:32:27.253 [info] > git rev-parse refs/remotes/origin/master [2ms]
2025-05-21 03:32:27.269 [info] > git status -z -uall [9ms]
2025-05-21 03:32:27.270 [info] > git for-each-ref --sort -committerdate --format %(refname) %(objectname) %(*objectname) [3ms]
2025-05-21 03:32:40.027 [warning] [Git][getHEAD] Failed to parse HEAD file: ENOENT: no such file or directory, open '/home/minhhieu_1998_mhl/TestDockerFile/.git/HEAD'
2025-05-21 03:32:40.041 [warning] [Git][getRemotes] Error: ENOENT: no such file or directory, open '/home/minhhieu_1998_mhl/TestDockerFile/.git/config'
2025-05-21 03:32:40.057 [warning] [Git][getHEAD] Failed to parse HEAD file: ENOENT: no such file or directory, open '/home/minhhieu_1998_mhl/TestDockerFile/.git/HEAD'
2025-05-21 03:32:40.068 [warning] [Git][getRemotes] Error: ENOENT: no such file or directory, open '/home/minhhieu_1998_mhl/TestDockerFile/.git/config'
2025-05-21 03:32:40.717 [info] > git check-ignore -v -z --stdin [2ms]
2025-05-21 03:32:42.959 [info] > git show --textconv :README-cloudshell.txt [9ms]
2025-05-21 03:32:42.960 [info] > git ls-files --stage -- /home/minhhieu_1998_mhl/README-cloudshell.txt [4ms]
2025-05-21 03:33:19.897 [info] > git check-ignore -v -z --stdin [3ms]
2025-05-21 03:33:33.008 [info] > git show --textconv :README.md [15ms]
2025-05-21 03:33:33.010 [info] > git ls-files --stage -- /home/minhhieu_1998_mhl/README.md [9ms]
2025-05-21 03:33:33.020 [info] > git cat-file -s cd72933e8b1fc9ce39458e88674f3a0721f5d5e2 [3ms]
2025-05-21 03:34:01.284 [info] > git config --get commit.template [7ms]
2025-05-21 03:34:01.286 [info] > git for-each-ref --format=%(refname)%00%(upstream:short)%00%(objectname)%00%(upstream:track)%00%(upstream:remotename)%00%(upstream:remoteref) refs/heads/main refs/remotes/main [3ms]
2025-05-21 03:34:01.292 [warning] [Git][revParse] Unable to read file: ENOENT: no such file or directory, open '/home/minhhieu_1998_mhl/.git/refs/remotes/origin/main'
2025-05-21 03:34:01.294 [info] > git rev-parse refs/remotes/origin/main [2ms]
2025-05-21 03:34:01.307 [info] > git status -z -uall [7ms]
2025-05-21 03:34:01.311 [info] > git for-each-ref --sort -committerdate --format %(refname) %(objectname) %(*objectname) [4ms]
2025-05-21 03:34:01.323 [info] > git for-each-ref --format=%(refname)%00%(upstream:short)%00%(objectname)%00%(upstream:track)%00%(upstream:remotename)%00%(upstream:remoteref) refs/heads/main refs/remotes/main [3ms]
2025-05-21 03:34:01.331 [info] > git config --local branch.main.vscode-merge-base [2ms]
2025-05-21 03:34:01.331 [warning] [Git][config] git config failed: Failed to execute git
2025-05-21 03:34:01.340 [info] > git reflog main --grep-reflog=branch: Created from *. [3ms]
2025-05-21 03:34:01.348 [info] > git symbolic-ref --short refs/remotes/origin/HEAD [2ms]
2025-05-21 03:34:01.356 [info] > git for-each-ref --format=%(refname)%00%(upstream:short)%00%(objectname)%00%(upstream:track)%00%(upstream:remotename)%00%(upstream:remoteref) refs/heads/origin/main refs/remotes/origin/main [2ms]
2025-05-21 03:34:01.365 [info] > git config --local branch.main.vscode-merge-base origin/main [2ms]
2025-05-21 03:34:01.379 [info] > git config --get commit.template [7ms]
2025-05-21 03:34:01.381 [info] > git for-each-ref --format=%(refname)%00%(upstream:short)%00%(objectname)%00%(upstream:track)%00%(upstream:remotename)%00%(upstream:remoteref) refs/heads/main refs/remotes/main [3ms]
2025-05-21 03:34:01.387 [warning] [Git][revParse] Unable to read file: ENOENT: no such file or directory, open '/home/minhhieu_1998_mhl/.git/refs/remotes/origin/main'
2025-05-21 03:34:01.388 [info] > git rev-parse refs/remotes/origin/main [2ms]
2025-05-21 03:34:01.402 [info] > git status -z -uall [8ms]
2025-05-21 03:34:01.405 [info] > git for-each-ref --sort -committerdate --format %(refname) %(objectname) %(*objectname) [5ms]
2025-05-21 03:34:01.423 [info] > git for-each-ref --format=%(refname)%00%(upstream:short)%00%(objectname)%00%(upstream:track)%00%(upstream:remotename)%00%(upstream:remoteref) refs/heads/main refs/remotes/main [9ms]
2025-05-21 03:34:01.432 [info] > git merge-base refs/heads/main refs/remotes/origin/main [11ms]
2025-05-21 03:34:01.441 [info] > git config --local branch.main.vscode-merge-base [11ms]
2025-05-21 03:34:01.449 [info] > git diff --name-status -z --diff-filter=ADMR dd77c0a0dc02a8410056c21aa74714f45603840b...refs/remotes/origin/main [9ms]
2025-05-21 03:34:01.450 [info] > git for-each-ref --format=%(refname)%00%(upstream:short)%00%(objectname)%00%(upstream:track)%00%(upstream:remotename)%00%(upstream:remoteref) refs/heads/origin/main refs/remotes/origin/main [2ms]
2025-05-21 03:35:47.959 [info] > git config --get commit.template [7ms]
2025-05-21 03:35:47.961 [info] > git for-each-ref --format=%(refname)%00%(upstream:short)%00%(objectname)%00%(upstream:track)%00%(upstream:remotename)%00%(upstream:remoteref) refs/heads/main refs/remotes/main [3ms]
2025-05-21 03:35:47.967 [warning] [Git][revParse] Unable to read file: ENOENT: no such file or directory, open '/home/minhhieu_1998_mhl/.git/refs/remotes/origin/main'
2025-05-21 03:35:47.969 [info] > git rev-parse refs/remotes/origin/main [2ms]
2025-05-21 03:35:47.982 [info] > git status -z -uall [7ms]
2025-05-21 03:35:47.985 [info] > git for-each-ref --sort -committerdate --format %(refname) %(objectname) %(*objectname) [4ms]
2025-05-21 03:35:53.003 [info] > git config --get commit.template [6ms]
2025-05-21 03:35:53.004 [info] > git for-each-ref --format=%(refname)%00%(upstream:short)%00%(objectname)%00%(upstream:track)%00%(upstream:remotename)%00%(upstream:remoteref) refs/heads/main refs/remotes/main [2ms]
2025-05-21 03:35:53.010 [warning] [Git][revParse] Unable to read file: ENOENT: no such file or directory, open '/home/minhhieu_1998_mhl/.git/refs/remotes/origin/main'
2025-05-21 03:35:53.012 [info] > git rev-parse refs/remotes/origin/main [2ms]
2025-05-21 03:35:53.027 [info] > git status -z -uall [9ms]
2025-05-21 03:35:53.028 [info] > git for-each-ref --sort -committerdate --format %(refname) %(objectname) %(*objectname) [4ms]
